--------------------------------------------------------------------------------
Release 14.7 Trace  (nt64)
Copyright (c) 1995-2013 Xilinx, Inc.  All rights reserved.

C:\Xilinx\14.7\ISE_DS\ISE\bin\nt64\unwrapped\trce.exe -intstyle ise -v 3 -s 2
-n 3 -fastpaths -xml MedidorVIP.twx MedidorVIP.ncd -o MedidorVIP.twr
MedidorVIP.pcf -ucf amiba2.ucf

Design file:              MedidorVIP.ncd
Physical constraint file: MedidorVIP.pcf
Device,package,speed:     xc6slx9,csg225,C,-2 (PRODUCTION 1.23 2013-10-13)
Report level:             verbose report

Environment Variable      Effect 
--------------------      ------ 
NONE                      No environment variables were set
--------------------------------------------------------------------------------

INFO:Timing:2698 - No timing constraints found, doing default enumeration.
INFO:Timing:3412 - To improve timing, see the Timing Closure User Guide (UG612).
INFO:Timing:2752 - To get complete path coverage, use the unconstrained paths 
   option. All paths that are not constrained will be reported in the 
   unconstrained paths section(s) of the report.
INFO:Timing:3339 - The clock-to-out numbers in this timing report are based on 
   a 50 Ohm transmission line loading model.  For the details of this model, 
   and for more information on accounting for different loading conditions, 
   please see the device datasheet.



Data Sheet report:
-----------------
All values displayed in nanoseconds (ns)

Setup/Hold to clock clk
------------+------------+------------+------------+------------+------------------+--------+
            |Max Setup to|  Process   |Max Hold to |  Process   |                  | Clock  |
Source      | clk (edge) |   Corner   | clk (edge) |   Corner   |Internal Clock(s) | Phase  |
------------+------------+------------+------------+------------+------------------+--------+
rst         |    2.127(R)|      SLOW  |   -0.369(R)|      FAST  |clk_BUFGP         |   0.000|
------------+------------+------------+------------+------------+------------------+--------+

Clock clk to Pad
------------+-----------------+------------+-----------------+------------+------------------+--------+
            |Max (slowest) clk|  Process   |Min (fastest) clk|  Process   |                  | Clock  |
Destination |  (edge) to PAD  |   Corner   |  (edge) to PAD  |   Corner   |Internal Clock(s) | Phase  |
------------+-----------------+------------+-----------------+------------+------------------+--------+
lcd_d<0>    |        10.360(R)|      SLOW  |         4.467(R)|      FAST  |clk_BUFGP         |   0.000|
lcd_d<1>    |         9.990(R)|      SLOW  |         4.205(R)|      FAST  |clk_BUFGP         |   0.000|
lcd_d<2>    |         9.977(R)|      SLOW  |         4.148(R)|      FAST  |clk_BUFGP         |   0.000|
lcd_d<3>    |        10.092(R)|      SLOW  |         4.263(R)|      FAST  |clk_BUFGP         |   0.000|
lcd_d<4>    |         9.891(R)|      SLOW  |         4.111(R)|      FAST  |clk_BUFGP         |   0.000|
lcd_d<5>    |         9.979(R)|      SLOW  |         4.177(R)|      FAST  |clk_BUFGP         |   0.000|
lcd_d<6>    |        10.279(R)|      SLOW  |         4.342(R)|      FAST  |clk_BUFGP         |   0.000|
lcd_d<7>    |         9.890(R)|      SLOW  |         4.093(R)|      FAST  |clk_BUFGP         |   0.000|
lcd_e       |        10.607(R)|      SLOW  |         4.556(R)|      FAST  |clk_BUFGP         |   0.000|
lcd_rs      |         9.719(R)|      SLOW  |         3.988(R)|      FAST  |clk_BUFGP         |   0.000|
led_busy    |         9.027(R)|      SLOW  |         3.582(R)|      FAST  |clk_BUFGP         |   0.000|
------------+-----------------+------------+-----------------+------------+------------------+--------+

Clock to Setup on destination clock clk
---------------+---------+---------+---------+---------+
               | Src:Rise| Src:Fall| Src:Rise| Src:Fall|
Source Clock   |Dest:Rise|Dest:Rise|Dest:Fall|Dest:Fall|
---------------+---------+---------+---------+---------+
clk            |    8.866|         |         |         |
---------------+---------+---------+---------+---------+


Analysis completed Thu Nov 24 12:28:14 2022 
--------------------------------------------------------------------------------

Trace Settings:
-------------------------
Trace Settings 

Peak Memory Usage: 4572 MB



