--------------------------------------------------------------------------------
Release 14.7 Trace  (nt64)
Copyright (c) 1995-2013 Xilinx, Inc.  All rights reserved.

C:\Xilinx\14.7\ISE_DS\ISE\bin\nt64\unwrapped\trce.exe -intstyle ise -v 3 -s 2
-n 3 -fastpaths -xml Punto5.twx Punto5.ncd -o Punto5.twr Punto5.pcf -ucf
amiba2.ucf

Design file:              Punto5.ncd
Physical constraint file: Punto5.pcf
Device,package,speed:     xc6slx9,csg225,C,-2 (PRODUCTION 1.23 2013-10-13)
Report level:             verbose report

Environment Variable      Effect 
--------------------      ------ 
NONE                      No environment variables were set
--------------------------------------------------------------------------------

INFO:Timing:2698 - No timing constraints found, doing default enumeration.
INFO:Timing:3412 - To improve timing, see the Timing Closure User Guide (UG612).
INFO:Timing:2752 - To get complete path coverage, use the unconstrained paths 
   option. All paths that are not constrained will be reported in the 
   unconstrained paths section(s) of the report.
INFO:Timing:3339 - The clock-to-out numbers in this timing report are based on 
   a 50 Ohm transmission line loading model.  For the details of this model, 
   and for more information on accounting for different loading conditions, 
   please see the device datasheet.



Data Sheet report:
-----------------
All values displayed in nanoseconds (ns)

Setup/Hold to clock clk
------------+------------+------------+------------+------------+------------------+--------+
            |Max Setup to|  Process   |Max Hold to |  Process   |                  | Clock  |
Source      | clk (edge) |   Corner   | clk (edge) |   Corner   |Internal Clock(s) | Phase  |
------------+------------+------------+------------+------------+------------------+--------+
reset       |    1.425(R)|      SLOW  |    0.349(R)|      SLOW  |clk_BUFGP         |   0.000|
------------+------------+------------+------------+------------+------------------+--------+

Clock clk to Pad
------------+-----------------+------------+-----------------+------------+------------------+--------+
            |Max (slowest) clk|  Process   |Min (fastest) clk|  Process   |                  | Clock  |
Destination |  (edge) to PAD  |   Corner   |  (edge) to PAD  |   Corner   |Internal Clock(s) | Phase  |
------------+-----------------+------------+-----------------+------------+------------------+--------+
contador<0> |         7.907(R)|      SLOW  |         2.900(R)|      FAST  |clk_BUFGP         |   0.000|
contador<1> |         8.101(R)|      SLOW  |         3.094(R)|      FAST  |clk_BUFGP         |   0.000|
contador<2> |         8.085(R)|      SLOW  |         3.078(R)|      FAST  |clk_BUFGP         |   0.000|
contador<3> |         8.058(R)|      SLOW  |         3.051(R)|      FAST  |clk_BUFGP         |   0.000|
contador<4> |         8.063(R)|      SLOW  |         3.056(R)|      FAST  |clk_BUFGP         |   0.000|
display<0>  |         7.868(R)|      SLOW  |         2.861(R)|      FAST  |clk_BUFGP         |   0.000|
display<1>  |         7.865(R)|      SLOW  |         2.858(R)|      FAST  |clk_BUFGP         |   0.000|
display<2>  |         7.872(R)|      SLOW  |         2.865(R)|      FAST  |clk_BUFGP         |   0.000|
display<3>  |         7.934(R)|      SLOW  |         2.927(R)|      FAST  |clk_BUFGP         |   0.000|
display<4>  |         7.934(R)|      SLOW  |         2.927(R)|      FAST  |clk_BUFGP         |   0.000|
display<5>  |         7.861(R)|      SLOW  |         2.854(R)|      FAST  |clk_BUFGP         |   0.000|
display<6>  |         7.865(R)|      SLOW  |         2.858(R)|      FAST  |clk_BUFGP         |   0.000|
display<7>  |         7.872(R)|      SLOW  |         2.865(R)|      FAST  |clk_BUFGP         |   0.000|
servoLED    |        10.042(R)|      SLOW  |         4.213(R)|      FAST  |clk_BUFGP         |   0.000|
servomotor  |        10.339(R)|      SLOW  |         4.419(R)|      FAST  |clk_BUFGP         |   0.000|
------------+-----------------+------------+-----------------+------------+------------------+--------+

Clock to Setup on destination clock clk
---------------+---------+---------+---------+---------+
               | Src:Rise| Src:Fall| Src:Rise| Src:Fall|
Source Clock   |Dest:Rise|Dest:Rise|Dest:Fall|Dest:Fall|
---------------+---------+---------+---------+---------+
clk            |    2.847|         |         |         |
---------------+---------+---------+---------+---------+


Analysis completed Mon Oct 24 22:36:55 2022 
--------------------------------------------------------------------------------

Trace Settings:
-------------------------
Trace Settings 

Peak Memory Usage: 4571 MB



